<?xml version="1.0" encoding="UTF-8"?>
<testsuite xmlns:xsi="http://www.w3.org/2001/XMLSchema-instance" xsi:noNamespaceSchemaLocation="https://maven.apache.org/surefire/maven-surefire-plugin/xsd/surefire-test-report-3.0.xsd" version="3.0" name="com.moneybags.eureka.EurekaServerApplicationTest" time="8.44" tests="1" errors="0" skipped="0" failures="0">
  <properties>
[...]
</properties>
  <testcase name="contextLoads" classname="com.moneybags.eureka.EurekaServerApplicationTest" time="1.194">
    <system-out><![CDATA[15:58:11.807 [main] INFO org.springframework.test.context.support.AnnotationConfigContextLoaderUtils -- Could not detect default configuration classes for test class [com.moneybags.eureka.EurekaServerApplicationTest]: EurekaServerApplicationTest does not declare any static, non-private, non-final, nested classes annotated with @Configuration.
15:58:11.952 [main] INFO org.springframework.boot.test.context.SpringBootTestContextBootstrapper -- Found @SpringBootConfiguration com.moneybags.eureka.EurekaServerApplication for test class com.moneybags.eureka.EurekaServerApplicationTest
15:58:12.265 [main] INFO org.springframework.boot.devtools.restart.RestartApplicationListener -- Restart disabled due to context in which it is running

  .   ____          _            __ _ _
 /\\ / ___'_ __ _ _(_)_ __  __ _ \ \ \ \
( ( )\___ | '_ | '_| | '_ \/ _` | \ \ \ \
 \\/  ___)| |_)| | | | | || (_| |  ) ) ) )
  '  |____| .__|_| |_|_| |_\__, | / / / /
 =========|_|==============|___/=/_/_/_/

 :: Spring Boot ::               (v3.3.13)

2026-08-08T15:58:13.525+05:30  INFO 33764 --- [eureka-server] [           main] c.m.eureka.EurekaServerApplicationTest   : Starting EurekaServerApplicationTest using Java 17.0.12 with PID 33764 (started by Jay Sharma in C:\MoneyBags\moneybags\eureka-server)
2026-08-08T15:58:13.527+05:30  INFO 33764 --- [eureka-server] [           main] c.m.eureka.EurekaServerApplicationTest   : No active profile set, falling back to 1 default profile: "default"
2026-08-08T15:58:15.104+05:30  INFO 33764 --- [eureka-server] [           main] o.s.cloud.context.scope.GenericScope     : BeanFactory id=cf323082-3402-38dc-9ddd-f9a28f5c49b5
2026-08-08T15:58:15.896+05:30  INFO 33764 --- [eureka-server] [           main] o.s.v.b.OptionalValidatorFactoryBean     : Failed to set up a Bean Validation provider: jakarta.validation.NoProviderFoundException: Unable to create a Configuration, because no Jakarta Bean Validation provider could be found. Add a provider like Hibernate Validator (RI) to your classpath.
2026-08-08T15:58:18.072+05:30  WARN 33764 --- [eureka-server] [           main] iguration$LoadBalancerCaffeineWarnLogger : Spring Cloud LoadBalancer is currently working with the default cache. While this cache implementation is useful for development and tests, it's recommended to use Caffeine cache in production.You can switch to using Caffeine cache, by adding it and org.springframework.cache.caffeine.CaffeineCacheManager to the classpath.
2026-08-08T15:58:18.385+05:30  INFO 33764 --- [eureka-server] [           main] o.s.c.n.eureka.InstanceInfoFactory       : Setting initial instance status as: STARTING
2026-08-08T15:58:18.409+05:30  INFO 33764 --- [eureka-server] [           main] com.netflix.discovery.DiscoveryClient    : Initializing Eureka in region us-east-1
2026-08-08T15:58:18.411+05:30  INFO 33764 --- [eureka-server] [           main] com.netflix.discovery.DiscoveryClient    : Client configured to neither register nor query for data.
2026-08-08T15:58:18.413+05:30  INFO 33764 --- [eureka-server] [           main] com.netflix.discovery.DiscoveryClient    : Discovery Client initialized at timestamp 1786184898411 with initial instances count: 0
2026-08-08T15:58:18.487+05:30  INFO 33764 --- [eureka-server] [           main] c.n.eureka.DefaultEurekaServerContext    : Initializing ...
2026-08-08T15:58:18.489+05:30  WARN 33764 --- [eureka-server] [           main] c.n.eureka.cluster.PeerEurekaNodes       : The replica size seems to be empty. Check the route 53 DNS Registry
2026-08-08T15:58:18.502+05:30  INFO 33764 --- [eureka-server] [           main] c.n.e.registry.AbstractInstanceRegistry  : Finished initializing remote region registries. All known remote regions: []
2026-08-08T15:58:18.502+05:30  INFO 33764 --- [eureka-server] [           main] c.n.eureka.DefaultEurekaServerContext    : Initialized
2026-08-08T15:58:18.657+05:30  INFO 33764 --- [eureka-server] [           main] o.s.b.a.e.web.EndpointLinksResolver      : Exposing 2 endpoints beneath base path '/actuator'
2026-08-08T15:58:18.737+05:30  INFO 33764 --- [eureka-server] [           main] o.s.c.n.e.s.EurekaServiceRegistry        : Registering application EUREKA-SERVER with eureka with status UP
2026-08-08T15:58:18.762+05:30  INFO 33764 --- [eureka-server] [           main] c.m.eureka.EurekaServerApplicationTest   : Started EurekaServerApplicationTest in 6.54 seconds (process running for 7.929)
2026-08-08T15:58:18.773+05:30  INFO 33764 --- [eureka-server] [      Thread-11] o.s.c.n.e.server.EurekaServerBootstrap   : isAws returned false
2026-08-08T15:58:18.775+05:30  INFO 33764 --- [eureka-server] [      Thread-11] o.s.c.n.e.server.EurekaServerBootstrap   : Initialized server context
2026-08-08T15:58:18.775+05:30  INFO 33764 --- [eureka-server] [      Thread-11] c.n.e.r.PeerAwareInstanceRegistryImpl    : Got 1 instances from neighboring DS node
2026-08-08T15:58:18.775+05:30  INFO 33764 --- [eureka-server] [      Thread-11] c.n.e.r.PeerAwareInstanceRegistryImpl    : Renew threshold is: 1
2026-08-08T15:58:18.776+05:30  INFO 33764 --- [eureka-server] [      Thread-11] c.n.e.r.PeerAwareInstanceRegistryImpl    : Changing status to UP
2026-08-08T15:58:18.778+05:30  INFO 33764 --- [eureka-server] [      Thread-11] e.s.EurekaServerInitializerConfiguration : Started Eureka Server
]]></system-out>
  </testcase>
</testsuite>